app/build/intermediates/manifest_merge_blame_file/debug/manifest-merger-blame-debug-report.txt
1<?xml version="1.0" encoding="utf-8"?>
2<manifest xmlns:android="http://schemas.android.com/apk/res/android"
3    package="com.winningticketproject.in"
4    android:versionCode="23"
5    android:versionName="1.23" >
6
7    <uses-sdk
7-->src/main/AndroidManifest.xml:6:5-89
8        android:minSdkVersion="19"
8-->src/main/AndroidManifest.xml:6:5-89
9        android:targetSdkVersion="28" />
9-->src/main/AndroidManifest.xml:6:5-89
10
11    <uses-permission android:name="android.permission.ACCESS_WIFI_STATE" />
11-->src/main/AndroidManifest.xml:8:5-76
11-->src/main/AndroidManifest.xml:8:22-73
12    <uses-permission android:name="android.permission.INTERNET" />
12-->src/main/AndroidManifest.xml:9:5-67
12-->src/main/AndroidManifest.xml:9:22-64
13    <uses-permission android:name="android.permission.VIBRATE" />
13-->src/main/AndroidManifest.xml:10:5-66
13-->src/main/AndroidManifest.xml:10:22-63
14    <uses-permission android:name="android.permission.ACCESS_NETWORK_STATE" />
14-->src/main/AndroidManifest.xml:11:5-79
14-->src/main/AndroidManifest.xml:11:22-76
15    <uses-permission android:name="android.permission.ACCESS_FINE_LOCATION" />
15-->src/main/AndroidManifest.xml:12:5-79
15-->src/main/AndroidManifest.xml:12:22-76
16    <uses-permission android:name="android.permission.ACCESS_COARSE_LOCATION" />
16-->src/main/AndroidManifest.xml:13:5-81
16-->src/main/AndroidManifest.xml:13:22-78
17    <uses-permission android:name="com.google.android.providers.gsf.permission.READ_GSERVICES" />
17-->src/main/AndroidManifest.xml:14:5-98
17-->src/main/AndroidManifest.xml:14:22-95
18    <uses-permission android:name="android.permission.WRITE_EXTERNAL_STORAGE" />
18-->src/main/AndroidManifest.xml:15:5-81
18-->src/main/AndroidManifest.xml:15:22-78
19    <uses-permission android:name="android.permission.WAKE_LOCK" />
19-->src/main/AndroidManifest.xml:16:5-68
19-->src/main/AndroidManifest.xml:16:22-65
20    <uses-permission android:name="com.android.vending.BILLING" />
20-->src/main/AndroidManifest.xml:17:5-67
20-->src/main/AndroidManifest.xml:17:22-64
21    <uses-permission android:name="com.google.android.c2dm.permission.RECEIVE" />
21-->src/main/AndroidManifest.xml:18:5-82
21-->src/main/AndroidManifest.xml:18:22-79
22    <uses-permission android:name="android.permission.REQUEST_IGNORE_BATTERY_OPTIMIZATIONS" />
22-->src/main/AndroidManifest.xml:19:5-95
22-->src/main/AndroidManifest.xml:19:22-92
23    <uses-permission android:name="android.permission.RECORD_AUDIO" />
23-->src/main/AndroidManifest.xml:20:5-71
23-->src/main/AndroidManifest.xml:20:22-68
24    <uses-permission android:name="android.permission.STORAGE" />
24-->src/main/AndroidManifest.xml:21:5-66
24-->src/main/AndroidManifest.xml:21:22-63
25
26    <uses-feature
26-->src/main/AndroidManifest.xml:22:5-24:35
27        android:name="android.hardware.camera"
27-->src/main/AndroidManifest.xml:23:9-47
28        android:required="true" />
28-->src/main/AndroidManifest.xml:24:9-32
29    <uses-feature
29-->src/main/AndroidManifest.xml:25:5-27:35
30        android:glEsVersion="0x00020000"
30-->src/main/AndroidManifest.xml:26:9-41
31        android:required="true" />
31-->src/main/AndroidManifest.xml:27:9-32
32
33    <permission
33-->src/main/AndroidManifest.xml:29:5-31:47
34        android:name="info.androidhive.googlemapsv2.permission.MAPS_RECEIVE"
34-->src/main/AndroidManifest.xml:30:9-77
35        android:protectionLevel="signature" />
35-->src/main/AndroidManifest.xml:31:9-44
36
37    <uses-permission android:name="info.androidhive.googlemapsv2.permission.MAPS_RECEIVE" />
37-->src/main/AndroidManifest.xml:33:5-93
37-->src/main/AndroidManifest.xml:33:22-90
38    <uses-permission android:name="android.permission.READ_PHONE_STATE" />
38-->src/main/AndroidManifest.xml:34:5-75
38-->src/main/AndroidManifest.xml:34:22-72
39    <uses-permission android:name="android.permission.READ_EXTERNAL_STORAGE" />
39-->src/main/AndroidManifest.xml:35:5-80
39-->src/main/AndroidManifest.xml:35:22-77
40
41    <permission
41-->[com.google.firebase:firebase-iid:11.0.0] AndroidManifest.xml:24:5-109
42        android:name="com.winningticketproject.in.permission.C2D_MESSAGE"
42-->[com.google.firebase:firebase-iid:11.0.0] AndroidManifest.xml:24:17-71
43        android:protectionLevel="signature" />
43-->[com.google.firebase:firebase-iid:11.0.0] AndroidManifest.xml:24:72-107
44
45    <uses-permission android:name="com.winningticketproject.in.permission.C2D_MESSAGE" />
45-->[com.google.firebase:firebase-iid:11.0.0] AndroidManifest.xml:26:5-78
45-->[com.google.firebase:firebase-iid:11.0.0] AndroidManifest.xml:26:22-76
46    <uses-permission android:name="android.permission.CAMERA" />
46-->[io.card:android-sdk:5.5.1] AndroidManifest.xml:9:5-65
46-->[io.card:android-sdk:5.5.1] AndroidManifest.xml:9:22-62
47
48    <uses-feature
48-->[io.card:android-sdk:5.5.1] AndroidManifest.xml:15:5-17:36
49        android:name="android.hardware.camera.autofocus"
49-->[io.card:android-sdk:5.5.1] AndroidManifest.xml:16:9-57
50        android:required="false" />
50-->[io.card:android-sdk:5.5.1] AndroidManifest.xml:17:9-33
51
52    <application
52-->src/main/AndroidManifest.xml:37:5-522:19
53        android:name="com.winningticketproject.in.AppInfo.AppController"
53-->src/main/AndroidManifest.xml:38:9-46
54        android:allowBackup="false"
54-->src/main/AndroidManifest.xml:39:9-36
55        android:appComponentFactory="android.support.v4.app.CoreComponentFactory"
55-->[com.android.support:support-compat:28.0.0] AndroidManifest.xml:22:18-91
56        android:debuggable="true"
57        android:icon="@mipmap/app_icon"
57-->src/main/AndroidManifest.xml:40:9-40
58        android:label="@string/app_name"
58-->src/main/AndroidManifest.xml:41:9-41
59        android:largeHeap="true"
59-->src/main/AndroidManifest.xml:42:9-33
60        android:screenOrientation="portrait"
60-->src/main/AndroidManifest.xml:43:9-45
61        android:supportsRtl="true"
61-->src/main/AndroidManifest.xml:44:9-35
62        android:testOnly="true"
63        android:theme="@style/AppTheme"
63-->src/main/AndroidManifest.xml:45:9-40
64        android:usesCleartextTraffic="true"
64-->src/main/AndroidManifest.xml:46:9-44
65        android:windowSoftInputMode="stateAlwaysHidden" >
65-->src/main/AndroidManifest.xml:47:9-56
66        <activity
66-->src/main/AndroidManifest.xml:50:9-53:46
67            android:name="com.winningticketproject.in.Stable_modify_stroke_Flow.Stable_modify_leader_board"
67-->src/main/AndroidManifest.xml:51:13-81
68            android:screenOrientation="portrait"
68-->src/main/AndroidManifest.xml:52:13-49
69            android:theme="@style/NoTitle" />
69-->src/main/AndroidManifest.xml:53:13-43
70        <activity
70-->src/main/AndroidManifest.xml:55:9-58:46
71            android:name="com.winningticketproject.in.BestBallFlow.Bestbal_Leader_Board"
71-->src/main/AndroidManifest.xml:56:13-62
72            android:screenOrientation="portrait"
72-->src/main/AndroidManifest.xml:57:13-49
73            android:theme="@style/NoTitle" />
73-->src/main/AndroidManifest.xml:58:13-43
74        <activity
74-->src/main/AndroidManifest.xml:60:9-63:46
75            android:name="com.winningticketproject.in.Stable_modify_stroke_Flow.Stable_ford_Leaderboard"
75-->src/main/AndroidManifest.xml:61:13-78
76            android:screenOrientation="portrait"
76-->src/main/AndroidManifest.xml:62:13-49
77            android:theme="@style/NoTitle" />
77-->src/main/AndroidManifest.xml:63:13-43
78        <activity
78-->src/main/AndroidManifest.xml:65:9-82:20
79            android:name="com.winningticketproject.in.AuctionModel.NewLive_Auction"
79-->src/main/AndroidManifest.xml:66:13-57
80            android:screenOrientation="portrait"
80-->src/main/AndroidManifest.xml:67:13-49
81            android:theme="@style/NoTitle" >
81-->src/main/AndroidManifest.xml:68:13-43
82            <intent-filter android:autoVerify="true" >
82-->src/main/AndroidManifest.xml:71:13-81:29
82-->src/main/AndroidManifest.xml:71:28-53
83                <action android:name="android.intent.action.VIEW" />
83-->src/main/AndroidManifest.xml:72:17-69
83-->src/main/AndroidManifest.xml:72:25-66
84
85                <category android:name="android.intent.category.DEFAULT" />
85-->src/main/AndroidManifest.xml:74:17-76
85-->src/main/AndroidManifest.xml:74:27-73
86                <category android:name="android.intent.category.BROWSABLE" />
86-->src/main/AndroidManifest.xml:75:17-78
86-->src/main/AndroidManifest.xml:75:27-75
87
88                <data
88-->src/main/AndroidManifest.xml:77:17-80:59
89                    android:host="staging.winningticket.com"
89-->src/main/AndroidManifest.xml:78:21-61
90                    android:pathPrefix="/auction_list/"
90-->src/main/AndroidManifest.xml:80:21-56
91                    android:scheme="https" />
91-->src/main/AndroidManifest.xml:79:21-43
92            </intent-filter>
93        </activity>
94        <activity
94-->src/main/AndroidManifest.xml:84:9-101:20
95            android:name="com.winningticketproject.in.AuctionModel.NewLive_AuctionItem"
95-->src/main/AndroidManifest.xml:85:13-61
96            android:screenOrientation="portrait"
96-->src/main/AndroidManifest.xml:86:13-49
97            android:theme="@style/NoTitle" >
97-->src/main/AndroidManifest.xml:87:13-43
98            <intent-filter>
98-->src/main/AndroidManifest.xml:90:13-100:29
99                <action android:name="android.intent.action.VIEW" />
99-->src/main/AndroidManifest.xml:72:17-69
99-->src/main/AndroidManifest.xml:72:25-66
100
101                <category android:name="android.intent.category.DEFAULT" />
101-->src/main/AndroidManifest.xml:74:17-76
101-->src/main/AndroidManifest.xml:74:27-73
102                <category android:name="android.intent.category.BROWSABLE" />
102-->src/main/AndroidManifest.xml:75:17-78
102-->src/main/AndroidManifest.xml:75:27-75
103
104                <data
104-->src/main/AndroidManifest.xml:77:17-80:59
105                    android:host="staging.winningticket.com"
105-->src/main/AndroidManifest.xml:78:21-61
106                    android:pathPrefix="/auction_item/"
106-->src/main/AndroidManifest.xml:80:21-56
107                    android:scheme="https" />
107-->src/main/AndroidManifest.xml:79:21-43
108            </intent-filter>
109        </activity>
110        <activity
110-->src/main/AndroidManifest.xml:103:9-106:46
111            android:name="com.winningticketproject.in.BestBallFlow.BestBall_Scorecard"
111-->src/main/AndroidManifest.xml:104:13-60
112            android:screenOrientation="portrait"
112-->src/main/AndroidManifest.xml:105:13-49
113            android:theme="@style/NoTitle" />
113-->src/main/AndroidManifest.xml:106:13-43
114        <activity
114-->src/main/AndroidManifest.xml:107:9-110:46
115            android:name="com.winningticketproject.in.Stable_modify_stroke_Flow.Stable_modify_ScoreCard"
115-->src/main/AndroidManifest.xml:108:13-78
116            android:screenOrientation="portrait"
116-->src/main/AndroidManifest.xml:109:13-49
117            android:theme="@style/NoTitle" />
117-->src/main/AndroidManifest.xml:110:13-43
118        <activity
118-->src/main/AndroidManifest.xml:111:9-114:46
119            android:name="com.winningticketproject.in.Stable_modify_stroke_Flow.StableFord_Score_Card"
119-->src/main/AndroidManifest.xml:112:13-76
120            android:screenOrientation="portrait"
120-->src/main/AndroidManifest.xml:113:13-49
121            android:theme="@style/NoTitle" />
121-->src/main/AndroidManifest.xml:114:13-43
122        <activity
122-->src/main/AndroidManifest.xml:115:9-118:46
123            android:name="com.winningticketproject.in.NewMapEvenFLOW.NormalLeaderoard"
123-->src/main/AndroidManifest.xml:116:13-60
124            android:screenOrientation="portrait"
124-->src/main/AndroidManifest.xml:117:13-49
125            android:theme="@style/NoTitle" />
125-->src/main/AndroidManifest.xml:118:13-43
126        <activity
126-->src/main/AndroidManifest.xml:119:9-122:46
127            android:name="com.winningticketproject.in.NewMapEvenFLOW.NormalScorreboard"
127-->src/main/AndroidManifest.xml:120:13-61
128            android:screenOrientation="portrait"
128-->src/main/AndroidManifest.xml:121:13-49
129            android:theme="@style/NoTitle" />
129-->src/main/AndroidManifest.xml:122:13-43
130        <activity
130-->src/main/AndroidManifest.xml:123:9-126:46
131            android:name="com.winningticketproject.in.CourseTab.Search_Course_Result"
131-->src/main/AndroidManifest.xml:124:13-59
132            android:screenOrientation="portrait"
132-->src/main/AndroidManifest.xml:125:13-49
133            android:theme="@style/NoTitle" />
133-->src/main/AndroidManifest.xml:126:13-43
134        <activity
134-->src/main/AndroidManifest.xml:127:9-130:46
135            android:name="com.winningticketproject.in.OrganizerFlow.Organiser_Billing_Add"
135-->src/main/AndroidManifest.xml:128:13-64
136            android:screenOrientation="portrait"
136-->src/main/AndroidManifest.xml:129:13-49
137            android:theme="@style/NoTitle" />
137-->src/main/AndroidManifest.xml:130:13-43
138        <activity
138-->src/main/AndroidManifest.xml:131:9-134:46
139            android:name="com.winningticketproject.in.OrganizerFlow.OrgPurchaseConf"
139-->src/main/AndroidManifest.xml:132:13-58
140            android:screenOrientation="portrait"
140-->src/main/AndroidManifest.xml:133:13-49
141            android:theme="@style/NoTitle" />
141-->src/main/AndroidManifest.xml:134:13-43
142        <activity
142-->src/main/AndroidManifest.xml:135:9-138:46
143            android:name="com.winningticketproject.in.OrganizerFlow.OrganizerAuctioItems"
143-->src/main/AndroidManifest.xml:136:13-63
144            android:screenOrientation="portrait"
144-->src/main/AndroidManifest.xml:137:13-49
145            android:theme="@style/NoTitle" />
145-->src/main/AndroidManifest.xml:138:13-43
146        <activity
146-->src/main/AndroidManifest.xml:139:9-142:46
147            android:name="com.winningticketproject.in.OrganizerFlow.EventListFlow"
147-->src/main/AndroidManifest.xml:140:13-56
148            android:screenOrientation="portrait"
148-->src/main/AndroidManifest.xml:141:13-49
149            android:theme="@style/NoTitle" />
149-->src/main/AndroidManifest.xml:142:13-43
150        <activity
150-->src/main/AndroidManifest.xml:143:9-146:46
151            android:name="com.winningticketproject.in.OrganizerFlow.ScanAndPay"
151-->src/main/AndroidManifest.xml:144:13-53
152            android:screenOrientation="portrait"
152-->src/main/AndroidManifest.xml:145:13-49
153            android:theme="@style/NoTitle" />
153-->src/main/AndroidManifest.xml:146:13-43
154        <activity
154-->src/main/AndroidManifest.xml:147:9-150:46
155            android:name="com.winningticketproject.in.AllUsersLogin.VerifyGuestUser"
155-->src/main/AndroidManifest.xml:148:13-58
156            android:screenOrientation="portrait"
156-->src/main/AndroidManifest.xml:149:13-49
157            android:theme="@style/NoTitle" />
157-->src/main/AndroidManifest.xml:150:13-43
158        <activity
158-->src/main/AndroidManifest.xml:151:9-154:46
159            android:name="com.winningticketproject.in.AllUsersLogin.Enter_Player_Code"
159-->src/main/AndroidManifest.xml:152:13-60
160            android:screenOrientation="portrait"
160-->src/main/AndroidManifest.xml:153:13-49
161            android:theme="@style/NoTitle" />
161-->src/main/AndroidManifest.xml:154:13-43
162        <activity
162-->src/main/AndroidManifest.xml:155:9-158:46
163            android:name="com.winningticketproject.in.AllUsersLogin.AllUserLogin"
163-->src/main/AndroidManifest.xml:156:13-55
164            android:screenOrientation="portrait"
164-->src/main/AndroidManifest.xml:157:13-49
165            android:theme="@style/NoTitle" />
165-->src/main/AndroidManifest.xml:158:13-43
166        <activity
166-->src/main/AndroidManifest.xml:159:9-162:46
167            android:name="com.winningticketproject.in.TeeHandicapHole.Hole_Tee_Handicap"
167-->src/main/AndroidManifest.xml:160:13-62
168            android:screenOrientation="portrait"
168-->src/main/AndroidManifest.xml:161:13-49
169            android:theme="@style/NoTitle" />
169-->src/main/AndroidManifest.xml:162:13-43
170        <activity
170-->src/main/AndroidManifest.xml:163:9-166:46
171            android:name="com.winningticketproject.RoundNotes.Round_notes_details"
171-->src/main/AndroidManifest.xml:164:13-83
172            android:screenOrientation="portrait"
172-->src/main/AndroidManifest.xml:165:13-49
173            android:theme="@style/NoTitle" />
173-->src/main/AndroidManifest.xml:166:13-43
174        <activity
174-->src/main/AndroidManifest.xml:167:9-170:46
175            android:name="com.winningticketproject.RoundNotes.RoundNotesList"
175-->src/main/AndroidManifest.xml:168:13-78
176            android:screenOrientation="portrait"
176-->src/main/AndroidManifest.xml:169:13-49
177            android:theme="@style/NoTitle" />
177-->src/main/AndroidManifest.xml:170:13-43
178
179        <uses-library
179-->src/main/AndroidManifest.xml:172:9-174:40
180            android:name="org.apache.http.legacy"
180-->src/main/AndroidManifest.xml:173:13-50
181            android:required="false" />
181-->src/main/AndroidManifest.xml:174:13-37
182
183        <activity
183-->src/main/AndroidManifest.xml:176:9-179:46
184            android:name="com.winningticketproject.in.Stripe_GetWay.Stripe_Main_Page"
184-->src/main/AndroidManifest.xml:177:13-59
185            android:screenOrientation="portrait"
185-->src/main/AndroidManifest.xml:178:13-49
186            android:theme="@style/NoTitle" />
186-->src/main/AndroidManifest.xml:179:13-43
187        <activity
187-->src/main/AndroidManifest.xml:180:9-183:46
188            android:name="com.winningticketproject.in.EventTab.NewEventDetailPage"
188-->src/main/AndroidManifest.xml:181:13-56
189            android:screenOrientation="portrait"
189-->src/main/AndroidManifest.xml:182:13-49
190            android:theme="@style/NoTitle" />
190-->src/main/AndroidManifest.xml:183:13-43
191        <activity
191-->src/main/AndroidManifest.xml:184:9-188:63
192            android:name="com.winningticketproject.in.SignInSingup.Login_Screen"
192-->src/main/AndroidManifest.xml:185:13-54
193            android:screenOrientation="portrait"
193-->src/main/AndroidManifest.xml:186:13-49
194            android:theme="@style/NoTitle"
194-->src/main/AndroidManifest.xml:187:13-43
195            android:windowSoftInputMode="stateAlwaysHidden" />
195-->src/main/AndroidManifest.xml:188:13-60
196        <activity
196-->src/main/AndroidManifest.xml:189:9-192:46
197            android:name="com.winningticketproject.in.SignInSingup.Registration_form"
197-->src/main/AndroidManifest.xml:190:13-59
198            android:screenOrientation="portrait"
198-->src/main/AndroidManifest.xml:191:13-49
199            android:theme="@style/NoTitle" />
199-->src/main/AndroidManifest.xml:192:13-43
200        <activity
200-->src/main/AndroidManifest.xml:193:9-196:46
201            android:name="com.winningticketproject.in.CourseTab.Course_Detail_Page"
201-->src/main/AndroidManifest.xml:194:13-57
202            android:screenOrientation="portrait"
202-->src/main/AndroidManifest.xml:195:13-49
203            android:theme="@style/NoTitle" />
203-->src/main/AndroidManifest.xml:196:13-43
204        <activity
204-->src/main/AndroidManifest.xml:197:9-200:46
205            android:name="com.winningticketproject.in.CourseTab.Course_Search_Page"
205-->src/main/AndroidManifest.xml:198:13-57
206            android:screenOrientation="portrait"
206-->src/main/AndroidManifest.xml:199:13-49
207            android:theme="@style/NoTitle" />
207-->src/main/AndroidManifest.xml:200:13-43
208        <activity
208-->src/main/AndroidManifest.xml:202:9-205:46
209            android:name="com.winningticketproject.in.Live_Score_New_Flow.View_course_map"
209-->src/main/AndroidManifest.xml:203:13-64
210            android:screenOrientation="portrait"
210-->src/main/AndroidManifest.xml:204:13-49
211            android:theme="@style/NoTitle" />
211-->src/main/AndroidManifest.xml:205:13-43
212        <activity
212-->src/main/AndroidManifest.xml:207:9-217:20
213            android:name="com.winningticketproject.in.SignInSingup.Splash_screen"
213-->src/main/AndroidManifest.xml:208:13-55
214            android:launchMode="standard"
214-->src/main/AndroidManifest.xml:209:13-42
215            android:screenOrientation="portrait"
215-->src/main/AndroidManifest.xml:210:13-49
216            android:theme="@style/SplashTheme" >
216-->src/main/AndroidManifest.xml:211:13-47
217            <intent-filter>
217-->src/main/AndroidManifest.xml:212:13-216:29
218                <action android:name="android.intent.action.MAIN" />
218-->src/main/AndroidManifest.xml:213:17-69
218-->src/main/AndroidManifest.xml:213:25-66
219
220                <category android:name="android.intent.category.LAUNCHER" />
220-->src/main/AndroidManifest.xml:215:17-77
220-->src/main/AndroidManifest.xml:215:27-74
221            </intent-filter>
222        </activity>
223        <activity
223-->src/main/AndroidManifest.xml:218:9-221:46
224            android:name="com.winningticketproject.in.MyAccountTab.SubcriptionInAppPurchase"
224-->src/main/AndroidManifest.xml:219:13-66
225            android:screenOrientation="portrait"
225-->src/main/AndroidManifest.xml:220:13-49
226            android:theme="@style/NoTitle" />
226-->src/main/AndroidManifest.xml:221:13-43
227
228        <service
228-->src/main/AndroidManifest.xml:223:9-231:19
229            android:name="com.winningticketproject.in.AppInfo.MyAndroidFirebaseMsgService"
229-->src/main/AndroidManifest.xml:224:13-64
230            android:enabled="true"
230-->src/main/AndroidManifest.xml:225:13-35
231            android:exported="true" >
231-->src/main/AndroidManifest.xml:226:13-36
232            <intent-filter>
232-->src/main/AndroidManifest.xml:227:13-230:29
233                <action android:name="com.google.firebase.MESSAGING_EVENT" />
233-->src/main/AndroidManifest.xml:228:17-78
233-->src/main/AndroidManifest.xml:228:25-75
234                <action android:name="android.intent.action.RESPOND_VIA_MESSAGE" />
234-->src/main/AndroidManifest.xml:229:17-84
234-->src/main/AndroidManifest.xml:229:25-81
235            </intent-filter>
236        </service>
237        <service android:name="com.winningticketproject.in.AppInfo.MyFirebaseInstanceIdService" >
237-->src/main/AndroidManifest.xml:232:9-236:19
237-->src/main/AndroidManifest.xml:232:18-69
238            <intent-filter>
238-->src/main/AndroidManifest.xml:233:13-235:29
239                <action android:name="com.google.firebase.INSTANCE_ID_EVENT" />
239-->src/main/AndroidManifest.xml:234:17-80
239-->src/main/AndroidManifest.xml:234:25-77
240            </intent-filter>
241        </service>
242
243        <meta-data
243-->src/main/AndroidManifest.xml:238:9-240:62
244            android:name="com.google.firebase.messaging.default_notification_icon"
244-->src/main/AndroidManifest.xml:239:13-83
245            android:resource="@drawable/notification_icon" />
245-->src/main/AndroidManifest.xml:240:13-59
246        <meta-data
246-->src/main/AndroidManifest.xml:241:9-243:52
247            android:name="com.google.firebase.messaging.default_notification_color"
247-->src/main/AndroidManifest.xml:242:13-84
248            android:resource="@color/colorblack" />
248-->src/main/AndroidManifest.xml:243:13-49
249
250        <activity
250-->src/main/AndroidManifest.xml:245:9-248:46
251            android:name="com.winningticketproject.in.CourseTab.Courses_list_flow"
251-->src/main/AndroidManifest.xml:246:13-56
252            android:screenOrientation="portrait"
252-->src/main/AndroidManifest.xml:247:13-49
253            android:theme="@style/NoTitle" />
253-->src/main/AndroidManifest.xml:248:13-43
254        <!-- <activity -->
255        <!-- android:name=".SignInSingup.NewBefore_login" -->
256        <!-- android:screenOrientation="portrait" -->
257        <!-- android:theme="@style/before_login" /> -->
258        <activity
258-->src/main/AndroidManifest.xml:253:9-256:46
259            android:name="com.winningticketproject.in.EventPurchase.Checkout_Page"
259-->src/main/AndroidManifest.xml:254:13-56
260            android:screenOrientation="portrait"
260-->src/main/AndroidManifest.xml:255:13-49
261            android:theme="@style/NoTitle" />
261-->src/main/AndroidManifest.xml:256:13-43
262        <activity
262-->src/main/AndroidManifest.xml:257:9-260:46
263            android:name="com.winningticketproject.in.EventTab.Purchage_Winning_Ticket"
263-->src/main/AndroidManifest.xml:258:13-61
264            android:screenOrientation="portrait"
264-->src/main/AndroidManifest.xml:259:13-49
265            android:theme="@style/NoTitle" />
265-->src/main/AndroidManifest.xml:260:13-43
266        <activity
266-->src/main/AndroidManifest.xml:261:9-264:46
267            android:name="com.winningticketproject.in.EventTab.Order_Preview"
267-->src/main/AndroidManifest.xml:262:13-51
268            android:screenOrientation="portrait"
268-->src/main/AndroidManifest.xml:263:13-49
269            android:theme="@style/NoTitle" />
269-->src/main/AndroidManifest.xml:264:13-43
270        <activity
270-->src/main/AndroidManifest.xml:265:9-269:55
271            android:name="com.winningticketproject.in.MyAccountTab.Add_Funds"
271-->src/main/AndroidManifest.xml:266:13-51
272            android:screenOrientation="portrait"
272-->src/main/AndroidManifest.xml:267:13-49
273            android:theme="@style/NoTitle"
273-->src/main/AndroidManifest.xml:268:13-43
274            android:windowSoftInputMode="adjustPan" />
274-->src/main/AndroidManifest.xml:269:13-52
275        <activity
275-->src/main/AndroidManifest.xml:270:9-273:46
276            android:name="com.winningticketproject.in.MyAccountTab.Donate_Funds"
276-->src/main/AndroidManifest.xml:271:13-54
277            android:screenOrientation="portrait"
277-->src/main/AndroidManifest.xml:272:13-49
278            android:theme="@style/NoTitle" />
278-->src/main/AndroidManifest.xml:273:13-43
279        <activity
279-->src/main/AndroidManifest.xml:274:9-277:46
280            android:name="com.winningticketproject.in.MyAccountTab.Transaction_History"
280-->src/main/AndroidManifest.xml:275:13-61
281            android:screenOrientation="portrait"
281-->src/main/AndroidManifest.xml:276:13-49
282            android:theme="@style/NoTitle" />
282-->src/main/AndroidManifest.xml:277:13-43
283        <activity
283-->src/main/AndroidManifest.xml:278:9-281:46
284            android:name="com.winningticketproject.in.MyAccountTab.WIthdrawal"
284-->src/main/AndroidManifest.xml:279:13-52
285            android:screenOrientation="portrait"
285-->src/main/AndroidManifest.xml:280:13-49
286            android:theme="@style/NoTitle" />
286-->src/main/AndroidManifest.xml:281:13-43
287        <activity
287-->src/main/AndroidManifest.xml:282:9-285:46
288            android:name="com.winningticketproject.in.MyAccountTab.EditAccount_Details"
288-->src/main/AndroidManifest.xml:283:13-61
289            android:screenOrientation="portrait"
289-->src/main/AndroidManifest.xml:284:13-49
290            android:theme="@style/NoTitle" />
290-->src/main/AndroidManifest.xml:285:13-43
291        <activity
291-->src/main/AndroidManifest.xml:286:9-289:46
292            android:name="com.winningticketproject.in.MyAccountTab.Contact_us"
292-->src/main/AndroidManifest.xml:287:13-52
293            android:screenOrientation="portrait"
293-->src/main/AndroidManifest.xml:288:13-49
294            android:theme="@style/NoTitle" />
294-->src/main/AndroidManifest.xml:289:13-43
295        <activity
295-->src/main/AndroidManifest.xml:290:9-293:46
296            android:name="com.winningticketproject.in.MyAccountTab.Notification_Settings"
296-->src/main/AndroidManifest.xml:291:13-63
297            android:screenOrientation="portrait"
297-->src/main/AndroidManifest.xml:292:13-49
298            android:theme="@style/NoTitle" />
298-->src/main/AndroidManifest.xml:293:13-43
299        <activity
299-->src/main/AndroidManifest.xml:294:9-297:46
300            android:name="com.winningticketproject.in.MyAccountTab.About_Us"
300-->src/main/AndroidManifest.xml:295:13-50
301            android:screenOrientation="portrait"
301-->src/main/AndroidManifest.xml:296:13-49
302            android:theme="@style/NoTitle" />
302-->src/main/AndroidManifest.xml:297:13-43
303        <activity
303-->src/main/AndroidManifest.xml:298:9-301:46
304            android:name="com.winningticketproject.in.MyAccountTab.Change_Password"
304-->src/main/AndroidManifest.xml:299:13-57
305            android:screenOrientation="portrait"
305-->src/main/AndroidManifest.xml:300:13-49
306            android:theme="@style/NoTitle" />
306-->src/main/AndroidManifest.xml:301:13-43
307        <activity
307-->src/main/AndroidManifest.xml:302:9-305:46
308            android:name="com.winningticketproject.in.AffiliatorModel.Affiliate_sign_up"
308-->src/main/AndroidManifest.xml:303:13-62
309            android:screenOrientation="portrait"
309-->src/main/AndroidManifest.xml:304:13-49
310            android:theme="@style/NoTitle" />
310-->src/main/AndroidManifest.xml:305:13-43
311        <activity
311-->src/main/AndroidManifest.xml:306:9-309:46
312            android:name="com.winningticketproject.in.SignInSingup.DeepLinkLogin"
312-->src/main/AndroidManifest.xml:307:13-55
313            android:screenOrientation="portrait"
313-->src/main/AndroidManifest.xml:308:13-49
314            android:theme="@style/NoTitle" />
314-->src/main/AndroidManifest.xml:309:13-43
315        <activity
315-->src/main/AndroidManifest.xml:310:9-327:20
316            android:name="com.winningticketproject.in.AuctionModel.LiveAction_Items"
316-->src/main/AndroidManifest.xml:311:13-58
317            android:screenOrientation="portrait"
317-->src/main/AndroidManifest.xml:312:13-49